[2018-04-04 07:42:10.513] [exthost1] [info] extension host started
[2018-04-04 07:42:10.532] [exthost1] [info] ExtensionService#_doActivateExtension vscode.emmet {"startup":true,"activationEvent":"*"}
[2018-04-04 07:42:10.532] [exthost1] [info] ExtensionService#loadCommonJSModule /usr/share/code/resources/app/extensions/emmet/out/extension
[2018-04-04 07:42:11.072] [exthost1] [info] ExtensionService#_doActivateExtension vscode.git {"startup":true,"activationEvent":"*"}
[2018-04-04 07:42:11.072] [exthost1] [info] ExtensionService#loadCommonJSModule /usr/share/code/resources/app/extensions/git/out/main
[2018-04-04 07:42:11.581] [exthost1] [info] ExtensionService#_doActivateExtension vscode.merge-conflict {"startup":true,"activationEvent":"*"}
[2018-04-04 07:42:11.581] [exthost1] [info] ExtensionService#loadCommonJSModule /usr/share/code/resources/app/extensions/merge-conflict/out/extension
[2018-04-04 07:42:11.696] [exthost1] [info] eager extensions activated
[2018-04-04 07:42:11.698] [exthost1] [info] ExtensionService#_doActivateExtension vscode.python {"startup":false,"activationEvent":"onLanguage:python"}
[2018-04-04 07:42:11.698] [exthost1] [info] ExtensionService#loadCommonJSModule /usr/share/code/resources/app/extensions/python/out/pythonMain
[2018-04-04 07:42:11.720] [exthost1] [info] ExtensionService#_doActivateExtension ms-python.python {"startup":false,"activationEvent":"onLanguage:python"}
[2018-04-04 07:42:11.720] [exthost1] [info] ExtensionService#loadCommonJSModule /root/.vscode/extensions/ms-python.python-2018.3.1/out/client/extension
[2018-04-04 09:13:26.929] [exthost1] [info] ExtensionService#_doActivateExtension vscode.configuration-editing {"startup":false,"activationEvent":"onLanguage:json"}
[2018-04-04 09:13:26.929] [exthost1] [info] ExtensionService#loadCommonJSModule /usr/share/code/resources/app/extensions/configuration-editing/out/extension
[2018-04-04 09:13:27.220] [exthost1] [info] ExtensionService#_doActivateExtension vscode.extension-editing {"startup":false,"activationEvent":"onLanguage:json"}
[2018-04-04 09:13:27.220] [exthost1] [info] ExtensionService#loadCommonJSModule /usr/share/code/resources/app/extensions/extension-editing/out/extension
[2018-04-04 09:13:27.488] [exthost1] [info] ExtensionService#_doActivateExtension vscode.javascript {"startup":false,"activationEvent":"onLanguage:json"}
[2018-04-04 09:13:27.488] [exthost1] [info] ExtensionService#loadCommonJSModule /usr/share/code/resources/app/extensions/javascript/out/javascriptMain
[2018-04-04 09:13:28.165] [exthost1] [info] ExtensionService#_doActivateExtension vscode.json {"startup":false,"activationEvent":"onLanguage:json"}
[2018-04-04 09:13:28.165] [exthost1] [info] ExtensionService#loadCommonJSModule /usr/share/code/resources/app/extensions/json/client/out/jsonMain
