[2018-04-09 15:42:47.141] [renderer1] [error] connect ENOENT /root/code_repo/aws-repo/1.20.1-shared.sock: Error: connect ENOENT /root/code_repo/aws-repo/1.20.1-shared.sock
    at Object.exports._errnoException (util.js:1050:11)
    at exports._exceptionWithHostPort (util.js:1073:20)
    at PipeConnectWrap.afterConnect [as oncomplete] (net.js:1097:14)
[2018-04-09 15:42:49.899] [renderer1] [error] Error: connect ENOENT /root/code_repo/aws-repo/1.20.1-shared.sock
    at Object.exports._errnoException (util.js:1050:11)
    at exports._exceptionWithHostPort (util.js:1073:20)
    at PipeConnectWrap.afterConnect [as oncomplete] (net.js:1097:14)
[2018-04-09 15:42:56.016] [renderer1] [error] connect ENOENT /root/code_repo/aws-repo/1.20.1-shared.sock: Error: connect ENOENT /root/code_repo/aws-repo/1.20.1-shared.sock
    at Object.exports._errnoException (util.js:1050:11)
    at exports._exceptionWithHostPort (util.js:1073:20)
    at PipeConnectWrap.afterConnect [as oncomplete] (net.js:1097:14)
[2018-04-09 15:43:00.406] [renderer1] [error] An unknown error occurred. Please consult the log for more details.
[2018-04-09 15:47:49.899] [renderer1] [error] Error: connect ENOENT /root/code_repo/aws-repo/1.20.1-shared.sock
    at Object.exports._errnoException (util.js:1050:11)
    at exports._exceptionWithHostPort (util.js:1073:20)
    at PipeConnectWrap.afterConnect [as oncomplete] (net.js:1097:14)
[2018-04-09 15:52:49.900] [renderer1] [error] Error: connect ENOENT /root/code_repo/aws-repo/1.20.1-shared.sock
    at Object.exports._errnoException (util.js:1050:11)
    at exports._exceptionWithHostPort (util.js:1073:20)
    at PipeConnectWrap.afterConnect [as oncomplete] (net.js:1097:14)
[2018-04-09 15:57:49.900] [renderer1] [error] Error: connect ENOENT /root/code_repo/aws-repo/1.20.1-shared.sock
    at Object.exports._errnoException (util.js:1050:11)
    at exports._exceptionWithHostPort (util.js:1073:20)
    at PipeConnectWrap.afterConnect [as oncomplete] (net.js:1097:14)
[2018-04-09 16:02:49.901] [renderer1] [error] Error: connect ENOENT /root/code_repo/aws-repo/1.20.1-shared.sock
    at Object.exports._errnoException (util.js:1050:11)
    at exports._exceptionWithHostPort (util.js:1073:20)
    at PipeConnectWrap.afterConnect [as oncomplete] (net.js:1097:14)
[2018-04-09 16:07:49.901] [renderer1] [error] Error: connect ENOENT /root/code_repo/aws-repo/1.20.1-shared.sock
    at Object.exports._errnoException (util.js:1050:11)
    at exports._exceptionWithHostPort (util.js:1073:20)
    at PipeConnectWrap.afterConnect [as oncomplete] (net.js:1097:14)
[2018-04-09 16:12:49.902] [renderer1] [error] Error: connect ENOENT /root/code_repo/aws-repo/1.20.1-shared.sock
    at Object.exports._errnoException (util.js:1050:11)
    at exports._exceptionWithHostPort (util.js:1073:20)
    at PipeConnectWrap.afterConnect [as oncomplete] (net.js:1097:14)
[2018-04-09 16:17:49.902] [renderer1] [error] Error: connect ENOENT /root/code_repo/aws-repo/1.20.1-shared.sock
    at Object.exports._errnoException (util.js:1050:11)
    at exports._exceptionWithHostPort (util.js:1073:20)
    at PipeConnectWrap.afterConnect [as oncomplete] (net.js:1097:14)
[2018-04-09 16:22:49.902] [renderer1] [error] Error: connect ENOENT /root/code_repo/aws-repo/1.20.1-shared.sock
    at Object.exports._errnoException (util.js:1050:11)
    at exports._exceptionWithHostPort (util.js:1073:20)
    at PipeConnectWrap.afterConnect [as oncomplete] (net.js:1097:14)
[2018-04-09 16:27:49.903] [renderer1] [error] Error: connect ENOENT /root/code_repo/aws-repo/1.20.1-shared.sock
    at Object.exports._errnoException (util.js:1050:11)
    at exports._exceptionWithHostPort (util.js:1073:20)
    at PipeConnectWrap.afterConnect [as oncomplete] (net.js:1097:14)
[2018-04-09 16:32:49.903] [renderer1] [error] Error: connect ENOENT /root/code_repo/aws-repo/1.20.1-shared.sock
    at Object.exports._errnoException (util.js:1050:11)
    at exports._exceptionWithHostPort (util.js:1073:20)
    at PipeConnectWrap.afterConnect [as oncomplete] (net.js:1097:14)
[2018-04-09 16:37:49.904] [renderer1] [error] Error: connect ENOENT /root/code_repo/aws-repo/1.20.1-shared.sock
    at Object.exports._errnoException (util.js:1050:11)
    at exports._exceptionWithHostPort (util.js:1073:20)
    at PipeConnectWrap.afterConnect [as oncomplete] (net.js:1097:14)
[2018-04-09 16:42:49.904] [renderer1] [error] Error: connect ENOENT /root/code_repo/aws-repo/1.20.1-shared.sock
    at Object.exports._errnoException (util.js:1050:11)
    at exports._exceptionWithHostPort (util.js:1073:20)
    at PipeConnectWrap.afterConnect [as oncomplete] (net.js:1097:14)
[2018-04-09 16:47:49.905] [renderer1] [error] Error: connect ENOENT /root/code_repo/aws-repo/1.20.1-shared.sock
    at Object.exports._errnoException (util.js:1050:11)
    at exports._exceptionWithHostPort (util.js:1073:20)
    at PipeConnectWrap.afterConnect [as oncomplete] (net.js:1097:14)
[2018-04-09 16:52:49.905] [renderer1] [error] Error: connect ENOENT /root/code_repo/aws-repo/1.20.1-shared.sock
    at Object.exports._errnoException (util.js:1050:11)
    at exports._exceptionWithHostPort (util.js:1073:20)
    at PipeConnectWrap.afterConnect [as oncomplete] (net.js:1097:14)
[2018-04-09 16:57:49.906] [renderer1] [error] Error: connect ENOENT /root/code_repo/aws-repo/1.20.1-shared.sock
    at Object.exports._errnoException (util.js:1050:11)
    at exports._exceptionWithHostPort (util.js:1073:20)
    at PipeConnectWrap.afterConnect [as oncomplete] (net.js:1097:14)
[2018-04-09 17:02:49.906] [renderer1] [error] Error: connect ENOENT /root/code_repo/aws-repo/1.20.1-shared.sock
    at Object.exports._errnoException (util.js:1050:11)
    at exports._exceptionWithHostPort (util.js:1073:20)
    at PipeConnectWrap.afterConnect [as oncomplete] (net.js:1097:14)
[2018-04-09 17:07:49.907] [renderer1] [error] Error: connect ENOENT /root/code_repo/aws-repo/1.20.1-shared.sock
    at Object.exports._errnoException (util.js:1050:11)
    at exports._exceptionWithHostPort (util.js:1073:20)
    at PipeConnectWrap.afterConnect [as oncomplete] (net.js:1097:14)
[2018-04-09 17:12:49.907] [renderer1] [error] Error: connect ENOENT /root/code_repo/aws-repo/1.20.1-shared.sock
    at Object.exports._errnoException (util.js:1050:11)
    at exports._exceptionWithHostPort (util.js:1073:20)
    at PipeConnectWrap.afterConnect [as oncomplete] (net.js:1097:14)
[2018-04-09 17:17:49.908] [renderer1] [error] Error: connect ENOENT /root/code_repo/aws-repo/1.20.1-shared.sock
    at Object.exports._errnoException (util.js:1050:11)
    at exports._exceptionWithHostPort (util.js:1073:20)
    at PipeConnectWrap.afterConnect [as oncomplete] (net.js:1097:14)
[2018-04-09 17:22:49.908] [renderer1] [error] Error: connect ENOENT /root/code_repo/aws-repo/1.20.1-shared.sock
    at Object.exports._errnoException (util.js:1050:11)
    at exports._exceptionWithHostPort (util.js:1073:20)
    at PipeConnectWrap.afterConnect [as oncomplete] (net.js:1097:14)
[2018-04-09 17:25:39.286] [renderer1] [error] Git model not found
[2018-04-09 17:27:49.908] [renderer1] [error] Error: connect ENOENT /root/code_repo/aws-repo/1.20.1-shared.sock
    at Object.exports._errnoException (util.js:1050:11)
    at exports._exceptionWithHostPort (util.js:1073:20)
    at PipeConnectWrap.afterConnect [as oncomplete] (net.js:1097:14)
[2018-04-09 17:32:49.909] [renderer1] [error] Error: connect ENOENT /root/code_repo/aws-repo/1.20.1-shared.sock
    at Object.exports._errnoException (util.js:1050:11)
    at exports._exceptionWithHostPort (util.js:1073:20)
    at PipeConnectWrap.afterConnect [as oncomplete] (net.js:1097:14)
[2018-04-09 17:37:49.909] [renderer1] [error] Error: connect ENOENT /root/code_repo/aws-repo/1.20.1-shared.sock
    at Object.exports._errnoException (util.js:1050:11)
    at exports._exceptionWithHostPort (util.js:1073:20)
    at PipeConnectWrap.afterConnect [as oncomplete] (net.js:1097:14)
[2018-04-09 17:42:49.910] [renderer1] [error] Error: connect ENOENT /root/code_repo/aws-repo/1.20.1-shared.sock
    at Object.exports._errnoException (util.js:1050:11)
    at exports._exceptionWithHostPort (util.js:1073:20)
    at PipeConnectWrap.afterConnect [as oncomplete] (net.js:1097:14)
[2018-04-09 17:47:49.910] [renderer1] [error] Error: connect ENOENT /root/code_repo/aws-repo/1.20.1-shared.sock
    at Object.exports._errnoException (util.js:1050:11)
    at exports._exceptionWithHostPort (util.js:1073:20)
    at PipeConnectWrap.afterConnect [as oncomplete] (net.js:1097:14)
[2018-04-09 17:52:49.911] [renderer1] [error] Error: connect ENOENT /root/code_repo/aws-repo/1.20.1-shared.sock
    at Object.exports._errnoException (util.js:1050:11)
    at exports._exceptionWithHostPort (util.js:1073:20)
    at PipeConnectWrap.afterConnect [as oncomplete] (net.js:1097:14)
[2018-04-09 17:57:49.911] [renderer1] [error] Error: connect ENOENT /root/code_repo/aws-repo/1.20.1-shared.sock
    at Object.exports._errnoException (util.js:1050:11)
    at exports._exceptionWithHostPort (util.js:1073:20)
    at PipeConnectWrap.afterConnect [as oncomplete] (net.js:1097:14)
[2018-04-09 18:02:49.912] [renderer1] [error] Error: connect ENOENT /root/code_repo/aws-repo/1.20.1-shared.sock
    at Object.exports._errnoException (util.js:1050:11)
    at exports._exceptionWithHostPort (util.js:1073:20)
    at PipeConnectWrap.afterConnect [as oncomplete] (net.js:1097:14)
[2018-04-09 18:07:49.912] [renderer1] [error] Error: connect ENOENT /root/code_repo/aws-repo/1.20.1-shared.sock
    at Object.exports._errnoException (util.js:1050:11)
    at exports._exceptionWithHostPort (util.js:1073:20)
    at PipeConnectWrap.afterConnect [as oncomplete] (net.js:1097:14)
[2018-04-09 18:12:49.913] [renderer1] [error] Error: connect ENOENT /root/code_repo/aws-repo/1.20.1-shared.sock
    at Object.exports._errnoException (util.js:1050:11)
    at exports._exceptionWithHostPort (util.js:1073:20)
    at PipeConnectWrap.afterConnect [as oncomplete] (net.js:1097:14)
[2018-04-09 18:17:49.913] [renderer1] [error] Error: connect ENOENT /root/code_repo/aws-repo/1.20.1-shared.sock
    at Object.exports._errnoException (util.js:1050:11)
    at exports._exceptionWithHostPort (util.js:1073:20)
    at PipeConnectWrap.afterConnect [as oncomplete] (net.js:1097:14)
[2018-04-09 18:22:49.914] [renderer1] [error] Error: connect ENOENT /root/code_repo/aws-repo/1.20.1-shared.sock
    at Object.exports._errnoException (util.js:1050:11)
    at exports._exceptionWithHostPort (util.js:1073:20)
    at PipeConnectWrap.afterConnect [as oncomplete] (net.js:1097:14)
[2018-04-09 18:27:49.914] [renderer1] [error] Error: connect ENOENT /root/code_repo/aws-repo/1.20.1-shared.sock
    at Object.exports._errnoException (util.js:1050:11)
    at exports._exceptionWithHostPort (util.js:1073:20)
    at PipeConnectWrap.afterConnect [as oncomplete] (net.js:1097:14)
[2018-04-09 18:32:49.914] [renderer1] [error] Error: connect ENOENT /root/code_repo/aws-repo/1.20.1-shared.sock
    at Object.exports._errnoException (util.js:1050:11)
    at exports._exceptionWithHostPort (util.js:1073:20)
    at PipeConnectWrap.afterConnect [as oncomplete] (net.js:1097:14)
[2018-04-09 18:37:49.915] [renderer1] [error] Error: connect ENOENT /root/code_repo/aws-repo/1.20.1-shared.sock
    at Object.exports._errnoException (util.js:1050:11)
    at exports._exceptionWithHostPort (util.js:1073:20)
    at PipeConnectWrap.afterConnect [as oncomplete] (net.js:1097:14)
[2018-04-09 18:42:49.915] [renderer1] [error] Error: connect ENOENT /root/code_repo/aws-repo/1.20.1-shared.sock
    at Object.exports._errnoException (util.js:1050:11)
    at exports._exceptionWithHostPort (util.js:1073:20)
    at PipeConnectWrap.afterConnect [as oncomplete] (net.js:1097:14)
[2018-04-09 18:47:49.916] [renderer1] [error] Error: connect ENOENT /root/code_repo/aws-repo/1.20.1-shared.sock
    at Object.exports._errnoException (util.js:1050:11)
    at exports._exceptionWithHostPort (util.js:1073:20)
    at PipeConnectWrap.afterConnect [as oncomplete] (net.js:1097:14)
[2018-04-09 18:52:49.916] [renderer1] [error] Error: connect ENOENT /root/code_repo/aws-repo/1.20.1-shared.sock
    at Object.exports._errnoException (util.js:1050:11)
    at exports._exceptionWithHostPort (util.js:1073:20)
    at PipeConnectWrap.afterConnect [as oncomplete] (net.js:1097:14)
[2018-04-09 18:57:49.917] [renderer1] [error] Error: connect ENOENT /root/code_repo/aws-repo/1.20.1-shared.sock
    at Object.exports._errnoException (util.js:1050:11)
    at exports._exceptionWithHostPort (util.js:1073:20)
    at PipeConnectWrap.afterConnect [as oncomplete] (net.js:1097:14)
[2018-04-09 19:02:49.917] [renderer1] [error] Error: connect ENOENT /root/code_repo/aws-repo/1.20.1-shared.sock
    at Object.exports._errnoException (util.js:1050:11)
    at exports._exceptionWithHostPort (util.js:1073:20)
    at PipeConnectWrap.afterConnect [as oncomplete] (net.js:1097:14)
[2018-04-09 19:07:49.918] [renderer1] [error] Error: connect ENOENT /root/code_repo/aws-repo/1.20.1-shared.sock
    at Object.exports._errnoException (util.js:1050:11)
    at exports._exceptionWithHostPort (util.js:1073:20)
    at PipeConnectWrap.afterConnect [as oncomplete] (net.js:1097:14)
[2018-04-09 19:12:49.918] [renderer1] [error] Error: connect ENOENT /root/code_repo/aws-repo/1.20.1-shared.sock
    at Object.exports._errnoException (util.js:1050:11)
    at exports._exceptionWithHostPort (util.js:1073:20)
    at PipeConnectWrap.afterConnect [as oncomplete] (net.js:1097:14)
[2018-04-09 19:17:49.918] [renderer1] [error] Error: connect ENOENT /root/code_repo/aws-repo/1.20.1-shared.sock
    at Object.exports._errnoException (util.js:1050:11)
    at exports._exceptionWithHostPort (util.js:1073:20)
    at PipeConnectWrap.afterConnect [as oncomplete] (net.js:1097:14)
[2018-04-09 19:22:49.919] [renderer1] [error] Error: connect ENOENT /root/code_repo/aws-repo/1.20.1-shared.sock
    at Object.exports._errnoException (util.js:1050:11)
    at exports._exceptionWithHostPort (util.js:1073:20)
    at PipeConnectWrap.afterConnect [as oncomplete] (net.js:1097:14)
[2018-04-09 19:27:49.919] [renderer1] [error] Error: connect ENOENT /root/code_repo/aws-repo/1.20.1-shared.sock
    at Object.exports._errnoException (util.js:1050:11)
    at exports._exceptionWithHostPort (util.js:1073:20)
    at PipeConnectWrap.afterConnect [as oncomplete] (net.js:1097:14)
[2018-04-09 19:32:49.920] [renderer1] [error] Error: connect ENOENT /root/code_repo/aws-repo/1.20.1-shared.sock
    at Object.exports._errnoException (util.js:1050:11)
    at exports._exceptionWithHostPort (util.js:1073:20)
    at PipeConnectWrap.afterConnect [as oncomplete] (net.js:1097:14)
[2018-04-09 19:37:49.920] [renderer1] [error] Error: connect ENOENT /root/code_repo/aws-repo/1.20.1-shared.sock
    at Object.exports._errnoException (util.js:1050:11)
    at exports._exceptionWithHostPort (util.js:1073:20)
    at PipeConnectWrap.afterConnect [as oncomplete] (net.js:1097:14)
[2018-04-09 19:42:49.921] [renderer1] [error] Error: connect ENOENT /root/code_repo/aws-repo/1.20.1-shared.sock
    at Object.exports._errnoException (util.js:1050:11)
    at exports._exceptionWithHostPort (util.js:1073:20)
    at PipeConnectWrap.afterConnect [as oncomplete] (net.js:1097:14)
[2018-04-09 19:47:49.921] [renderer1] [error] Error: connect ENOENT /root/code_repo/aws-repo/1.20.1-shared.sock
    at Object.exports._errnoException (util.js:1050:11)
    at exports._exceptionWithHostPort (util.js:1073:20)
    at PipeConnectWrap.afterConnect [as oncomplete] (net.js:1097:14)
[2018-04-09 19:52:49.921] [renderer1] [error] Error: connect ENOENT /root/code_repo/aws-repo/1.20.1-shared.sock
    at Object.exports._errnoException (util.js:1050:11)
    at exports._exceptionWithHostPort (util.js:1073:20)
    at PipeConnectWrap.afterConnect [as oncomplete] (net.js:1097:14)
[2018-04-09 19:57:49.922] [renderer1] [error] Error: connect ENOENT /root/code_repo/aws-repo/1.20.1-shared.sock
    at Object.exports._errnoException (util.js:1050:11)
    at exports._exceptionWithHostPort (util.js:1073:20)
    at PipeConnectWrap.afterConnect [as oncomplete] (net.js:1097:14)
[2018-04-09 20:02:49.922] [renderer1] [error] Error: connect ENOENT /root/code_repo/aws-repo/1.20.1-shared.sock
    at Object.exports._errnoException (util.js:1050:11)
    at exports._exceptionWithHostPort (util.js:1073:20)
    at PipeConnectWrap.afterConnect [as oncomplete] (net.js:1097:14)
[2018-04-09 20:07:49.923] [renderer1] [error] Error: connect ENOENT /root/code_repo/aws-repo/1.20.1-shared.sock
    at Object.exports._errnoException (util.js:1050:11)
    at exports._exceptionWithHostPort (util.js:1073:20)
    at PipeConnectWrap.afterConnect [as oncomplete] (net.js:1097:14)
[2018-04-09 20:12:49.923] [renderer1] [error] Error: connect ENOENT /root/code_repo/aws-repo/1.20.1-shared.sock
    at Object.exports._errnoException (util.js:1050:11)
    at exports._exceptionWithHostPort (util.js:1073:20)
    at PipeConnectWrap.afterConnect [as oncomplete] (net.js:1097:14)
[2018-04-09 20:17:49.923] [renderer1] [error] Error: connect ENOENT /root/code_repo/aws-repo/1.20.1-shared.sock
    at Object.exports._errnoException (util.js:1050:11)
    at exports._exceptionWithHostPort (util.js:1073:20)
    at PipeConnectWrap.afterConnect [as oncomplete] (net.js:1097:14)
[2018-04-09 20:22:49.924] [renderer1] [error] Error: connect ENOENT /root/code_repo/aws-repo/1.20.1-shared.sock
    at Object.exports._errnoException (util.js:1050:11)
    at exports._exceptionWithHostPort (util.js:1073:20)
    at PipeConnectWrap.afterConnect [as oncomplete] (net.js:1097:14)
[2018-04-09 20:27:49.924] [renderer1] [error] Error: connect ENOENT /root/code_repo/aws-repo/1.20.1-shared.sock
    at Object.exports._errnoException (util.js:1050:11)
    at exports._exceptionWithHostPort (util.js:1073:20)
    at PipeConnectWrap.afterConnect [as oncomplete] (net.js:1097:14)
[2018-04-09 20:32:49.925] [renderer1] [error] Error: connect ENOENT /root/code_repo/aws-repo/1.20.1-shared.sock
    at Object.exports._errnoException (util.js:1050:11)
    at exports._exceptionWithHostPort (util.js:1073:20)
    at PipeConnectWrap.afterConnect [as oncomplete] (net.js:1097:14)
[2018-04-09 20:37:49.925] [renderer1] [error] Error: connect ENOENT /root/code_repo/aws-repo/1.20.1-shared.sock
    at Object.exports._errnoException (util.js:1050:11)
    at exports._exceptionWithHostPort (util.js:1073:20)
    at PipeConnectWrap.afterConnect [as oncomplete] (net.js:1097:14)
[2018-04-09 20:42:49.925] [renderer1] [error] Error: connect ENOENT /root/code_repo/aws-repo/1.20.1-shared.sock
    at Object.exports._errnoException (util.js:1050:11)
    at exports._exceptionWithHostPort (util.js:1073:20)
    at PipeConnectWrap.afterConnect [as oncomplete] (net.js:1097:14)
[2018-04-09 20:47:49.926] [renderer1] [error] Error: connect ENOENT /root/code_repo/aws-repo/1.20.1-shared.sock
    at Object.exports._errnoException (util.js:1050:11)
    at exports._exceptionWithHostPort (util.js:1073:20)
    at PipeConnectWrap.afterConnect [as oncomplete] (net.js:1097:14)
[2018-04-09 20:52:49.926] [renderer1] [error] Error: connect ENOENT /root/code_repo/aws-repo/1.20.1-shared.sock
    at Object.exports._errnoException (util.js:1050:11)
    at exports._exceptionWithHostPort (util.js:1073:20)
    at PipeConnectWrap.afterConnect [as oncomplete] (net.js:1097:14)
[2018-04-09 20:57:49.926] [renderer1] [error] Error: connect ENOENT /root/code_repo/aws-repo/1.20.1-shared.sock
    at Object.exports._errnoException (util.js:1050:11)
    at exports._exceptionWithHostPort (util.js:1073:20)
    at PipeConnectWrap.afterConnect [as oncomplete] (net.js:1097:14)
[2018-04-09 21:02:49.927] [renderer1] [error] Error: connect ENOENT /root/code_repo/aws-repo/1.20.1-shared.sock
    at Object.exports._errnoException (util.js:1050:11)
    at exports._exceptionWithHostPort (util.js:1073:20)
    at PipeConnectWrap.afterConnect [as oncomplete] (net.js:1097:14)
[2018-04-09 21:07:49.927] [renderer1] [error] Error: connect ENOENT /root/code_repo/aws-repo/1.20.1-shared.sock
    at Object.exports._errnoException (util.js:1050:11)
    at exports._exceptionWithHostPort (util.js:1073:20)
    at PipeConnectWrap.afterConnect [as oncomplete] (net.js:1097:14)
[2018-04-09 21:12:49.928] [renderer1] [error] Error: connect ENOENT /root/code_repo/aws-repo/1.20.1-shared.sock
    at Object.exports._errnoException (util.js:1050:11)
    at exports._exceptionWithHostPort (util.js:1073:20)
    at PipeConnectWrap.afterConnect [as oncomplete] (net.js:1097:14)
[2018-04-09 21:17:49.928] [renderer1] [error] Error: connect ENOENT /root/code_repo/aws-repo/1.20.1-shared.sock
    at Object.exports._errnoException (util.js:1050:11)
    at exports._exceptionWithHostPort (util.js:1073:20)
    at PipeConnectWrap.afterConnect [as oncomplete] (net.js:1097:14)
[2018-04-09 21:22:49.929] [renderer1] [error] Error: connect ENOENT /root/code_repo/aws-repo/1.20.1-shared.sock
    at Object.exports._errnoException (util.js:1050:11)
    at exports._exceptionWithHostPort (util.js:1073:20)
    at PipeConnectWrap.afterConnect [as oncomplete] (net.js:1097:14)
[2018-04-09 21:27:49.929] [renderer1] [error] Error: connect ENOENT /root/code_repo/aws-repo/1.20.1-shared.sock
    at Object.exports._errnoException (util.js:1050:11)
    at exports._exceptionWithHostPort (util.js:1073:20)
    at PipeConnectWrap.afterConnect [as oncomplete] (net.js:1097:14)
[2018-04-09 21:32:49.929] [renderer1] [error] Error: connect ENOENT /root/code_repo/aws-repo/1.20.1-shared.sock
    at Object.exports._errnoException (util.js:1050:11)
    at exports._exceptionWithHostPort (util.js:1073:20)
    at PipeConnectWrap.afterConnect [as oncomplete] (net.js:1097:14)
[2018-04-09 21:37:49.930] [renderer1] [error] Error: connect ENOENT /root/code_repo/aws-repo/1.20.1-shared.sock
    at Object.exports._errnoException (util.js:1050:11)
    at exports._exceptionWithHostPort (util.js:1073:20)
    at PipeConnectWrap.afterConnect [as oncomplete] (net.js:1097:14)
[2018-04-09 21:42:49.930] [renderer1] [error] Error: connect ENOENT /root/code_repo/aws-repo/1.20.1-shared.sock
    at Object.exports._errnoException (util.js:1050:11)
    at exports._exceptionWithHostPort (util.js:1073:20)
    at PipeConnectWrap.afterConnect [as oncomplete] (net.js:1097:14)
[2018-04-09 21:47:49.930] [renderer1] [error] Error: connect ENOENT /root/code_repo/aws-repo/1.20.1-shared.sock
    at Object.exports._errnoException (util.js:1050:11)
    at exports._exceptionWithHostPort (util.js:1073:20)
    at PipeConnectWrap.afterConnect [as oncomplete] (net.js:1097:14)
[2018-04-09 21:52:49.931] [renderer1] [error] Error: connect ENOENT /root/code_repo/aws-repo/1.20.1-shared.sock
    at Object.exports._errnoException (util.js:1050:11)
    at exports._exceptionWithHostPort (util.js:1073:20)
    at PipeConnectWrap.afterConnect [as oncomplete] (net.js:1097:14)
[2018-04-09 21:57:49.931] [renderer1] [error] Error: connect ENOENT /root/code_repo/aws-repo/1.20.1-shared.sock
    at Object.exports._errnoException (util.js:1050:11)
    at exports._exceptionWithHostPort (util.js:1073:20)
    at PipeConnectWrap.afterConnect [as oncomplete] (net.js:1097:14)
[2018-04-09 22:02:49.932] [renderer1] [error] Error: connect ENOENT /root/code_repo/aws-repo/1.20.1-shared.sock
    at Object.exports._errnoException (util.js:1050:11)
    at exports._exceptionWithHostPort (util.js:1073:20)
    at PipeConnectWrap.afterConnect [as oncomplete] (net.js:1097:14)
