E, [2017-06-27T11:47:01.163601 #30655] ERROR -- Kitchen: ------Exception-------
E, [2017-06-27T11:47:01.163752 #30655] ERROR -- Kitchen: Class: Kitchen::UserError
E, [2017-06-27T11:47:01.163785 #30655] ERROR -- Kitchen: Message: Kitchen YAML file /Users/krishna/Code_Repo/chef-repo/cookbooks/starter/recipes/.kitchen.yml does not exist.
E, [2017-06-27T11:47:01.163806 #30655] ERROR -- Kitchen: ----------------------
E, [2017-06-27T11:47:01.163829 #30655] ERROR -- Kitchen: ------Backtrace-------
E, [2017-06-27T11:47:01.163851 #30655] ERROR -- Kitchen: /opt/chefdk/embedded/lib/ruby/gems/2.3.0/gems/test-kitchen-1.16.0/lib/kitchen/loader/yaml.rb:71:in `read'
E, [2017-06-27T11:47:01.163868 #30655] ERROR -- Kitchen: /opt/chefdk/embedded/lib/ruby/gems/2.3.0/gems/test-kitchen-1.16.0/lib/kitchen/config.rb:152:in `data'
E, [2017-06-27T11:47:01.163884 #30655] ERROR -- Kitchen: /opt/chefdk/embedded/lib/ruby/gems/2.3.0/gems/test-kitchen-1.16.0/lib/kitchen/config.rb:131:in `suites'
E, [2017-06-27T11:47:01.163903 #30655] ERROR -- Kitchen: /opt/chefdk/embedded/lib/ruby/gems/2.3.0/gems/test-kitchen-1.16.0/lib/kitchen/config.rb:182:in `filter_instances'
E, [2017-06-27T11:47:01.163919 #30655] ERROR -- Kitchen: /opt/chefdk/embedded/lib/ruby/gems/2.3.0/gems/test-kitchen-1.16.0/lib/kitchen/config.rb:141:in `build_instances'
E, [2017-06-27T11:47:01.163942 #30655] ERROR -- Kitchen: /opt/chefdk/embedded/lib/ruby/gems/2.3.0/gems/test-kitchen-1.16.0/lib/kitchen/config.rb:117:in `instances'
E, [2017-06-27T11:47:01.163964 #30655] ERROR -- Kitchen: /opt/chefdk/embedded/lib/ruby/gems/2.3.0/gems/test-kitchen-1.16.0/lib/kitchen/command.rb:112:in `filtered_instances'
E, [2017-06-27T11:47:01.163980 #30655] ERROR -- Kitchen: /opt/chefdk/embedded/lib/ruby/gems/2.3.0/gems/test-kitchen-1.16.0/lib/kitchen/command.rb:142:in `parse_subcommand'
E, [2017-06-27T11:47:01.163995 #30655] ERROR -- Kitchen: /opt/chefdk/embedded/lib/ruby/gems/2.3.0/gems/test-kitchen-1.16.0/lib/kitchen/command/list.rb:30:in `call'
E, [2017-06-27T11:47:01.164011 #30655] ERROR -- Kitchen: /opt/chefdk/embedded/lib/ruby/gems/2.3.0/gems/test-kitchen-1.16.0/lib/kitchen/cli.rb:53:in `perform'
E, [2017-06-27T11:47:01.164026 #30655] ERROR -- Kitchen: /opt/chefdk/embedded/lib/ruby/gems/2.3.0/gems/test-kitchen-1.16.0/lib/kitchen/cli.rb:121:in `list'
E, [2017-06-27T11:47:01.164042 #30655] ERROR -- Kitchen: /opt/chefdk/embedded/lib/ruby/gems/2.3.0/gems/thor-0.19.1/lib/thor/command.rb:27:in `run'
E, [2017-06-27T11:47:01.164057 #30655] ERROR -- Kitchen: /opt/chefdk/embedded/lib/ruby/gems/2.3.0/gems/thor-0.19.1/lib/thor/invocation.rb:126:in `invoke_command'
E, [2017-06-27T11:47:01.164079 #30655] ERROR -- Kitchen: /opt/chefdk/embedded/lib/ruby/gems/2.3.0/gems/test-kitchen-1.16.0/lib/kitchen/cli.rb:334:in `invoke_task'
E, [2017-06-27T11:47:01.164096 #30655] ERROR -- Kitchen: /opt/chefdk/embedded/lib/ruby/gems/2.3.0/gems/thor-0.19.1/lib/thor.rb:359:in `dispatch'
E, [2017-06-27T11:47:01.164111 #30655] ERROR -- Kitchen: /opt/chefdk/embedded/lib/ruby/gems/2.3.0/gems/thor-0.19.1/lib/thor/base.rb:440:in `start'
E, [2017-06-27T11:47:01.164127 #30655] ERROR -- Kitchen: /opt/chefdk/embedded/lib/ruby/gems/2.3.0/gems/test-kitchen-1.16.0/bin/kitchen:13:in `block in <top (required)>'
E, [2017-06-27T11:47:01.164142 #30655] ERROR -- Kitchen: /opt/chefdk/embedded/lib/ruby/gems/2.3.0/gems/test-kitchen-1.16.0/lib/kitchen/errors.rb:171:in `with_friendly_errors'
E, [2017-06-27T11:47:01.164158 #30655] ERROR -- Kitchen: /opt/chefdk/embedded/lib/ruby/gems/2.3.0/gems/test-kitchen-1.16.0/bin/kitchen:13:in `<top (required)>'
E, [2017-06-27T11:47:01.164178 #30655] ERROR -- Kitchen: /usr/local/bin/kitchen:21:in `load'
E, [2017-06-27T11:47:01.164193 #30655] ERROR -- Kitchen: /usr/local/bin/kitchen:21:in `<main>'
E, [2017-06-27T11:47:01.164208 #30655] ERROR -- Kitchen: ----End Backtrace-----
