Generated at 2017-05-31 17:55:35 +0530
Errno::EACCES: file[file1.txt] (@recipe_files::/Users/krishna/Code_Repo/chef-repo/cookbooks/test_resource/recipes/file_test.rb line 7) had an error: Errno::EACCES: Permission denied @ rb_file_s_rename - (/var/folders/28/_kfhvl1j4cvflk0nhxysyl000000gn/T/.chef-file120170531-21897-p9y213.txt, /file1.txt)
/opt/chefdk/embedded/lib/ruby/2.3.0/fileutils.rb:528:in `rename'
/opt/chefdk/embedded/lib/ruby/2.3.0/fileutils.rb:528:in `block in mv'
/opt/chefdk/embedded/lib/ruby/2.3.0/fileutils.rb:1571:in `block in fu_each_src_dest'
/opt/chefdk/embedded/lib/ruby/2.3.0/fileutils.rb:1587:in `fu_each_src_dest0'
/opt/chefdk/embedded/lib/ruby/2.3.0/fileutils.rb:1569:in `fu_each_src_dest'
/opt/chefdk/embedded/lib/ruby/2.3.0/fileutils.rb:517:in `mv'
/opt/chefdk/embedded/lib/ruby/gems/2.3.0/gems/chef-12.19.36/lib/chef/file_content_management/deploy/mv_unix.rb:71:in `deploy'
/opt/chefdk/embedded/lib/ruby/gems/2.3.0/gems/chef-12.19.36/lib/chef/provider/file.rb:389:in `update_file_contents'
/opt/chefdk/embedded/lib/ruby/gems/2.3.0/gems/chef-12.19.36/lib/chef/provider/file.rb:421:in `block in do_contents_changes'
/opt/chefdk/embedded/lib/ruby/gems/2.3.0/gems/chef-12.19.36/lib/chef/mixin/why_run.rb:52:in `add_action'
/opt/chefdk/embedded/lib/ruby/gems/2.3.0/gems/chef-12.19.36/lib/chef/provider.rb:176:in `converge_by'
/opt/chefdk/embedded/lib/ruby/gems/2.3.0/gems/chef-12.19.36/lib/chef/provider/file.rb:420:in `do_contents_changes'
/opt/chefdk/embedded/lib/ruby/gems/2.3.0/gems/chef-12.19.36/lib/chef/provider/file.rb:154:in `action_create'
/opt/chefdk/embedded/lib/ruby/gems/2.3.0/gems/chef-12.19.36/lib/chef/provider.rb:145:in `run_action'
/opt/chefdk/embedded/lib/ruby/gems/2.3.0/gems/chef-12.19.36/lib/chef/resource.rb:622:in `run_action'
/opt/chefdk/embedded/lib/ruby/gems/2.3.0/gems/chef-12.19.36/lib/chef/runner.rb:69:in `run_action'
/opt/chefdk/embedded/lib/ruby/gems/2.3.0/gems/chef-12.19.36/lib/chef/runner.rb:97:in `block (2 levels) in converge'
/opt/chefdk/embedded/lib/ruby/gems/2.3.0/gems/chef-12.19.36/lib/chef/runner.rb:97:in `each'
/opt/chefdk/embedded/lib/ruby/gems/2.3.0/gems/chef-12.19.36/lib/chef/runner.rb:97:in `block in converge'
/opt/chefdk/embedded/lib/ruby/gems/2.3.0/gems/chef-12.19.36/lib/chef/resource_collection/resource_list.rb:94:in `block in execute_each_resource'
/opt/chefdk/embedded/lib/ruby/gems/2.3.0/gems/chef-12.19.36/lib/chef/resource_collection/stepable_iterator.rb:114:in `call_iterator_block'
/opt/chefdk/embedded/lib/ruby/gems/2.3.0/gems/chef-12.19.36/lib/chef/resource_collection/stepable_iterator.rb:85:in `step'
/opt/chefdk/embedded/lib/ruby/gems/2.3.0/gems/chef-12.19.36/lib/chef/resource_collection/stepable_iterator.rb:103:in `iterate'
/opt/chefdk/embedded/lib/ruby/gems/2.3.0/gems/chef-12.19.36/lib/chef/resource_collection/stepable_iterator.rb:55:in `each_with_index'
/opt/chefdk/embedded/lib/ruby/gems/2.3.0/gems/chef-12.19.36/lib/chef/resource_collection/resource_list.rb:92:in `execute_each_resource'
/opt/chefdk/embedded/lib/ruby/gems/2.3.0/gems/chef-12.19.36/lib/chef/runner.rb:96:in `converge'
/opt/chefdk/embedded/lib/ruby/gems/2.3.0/gems/chef-12.19.36/lib/chef/client.rb:670:in `block in converge'
/opt/chefdk/embedded/lib/ruby/gems/2.3.0/gems/chef-12.19.36/lib/chef/client.rb:665:in `catch'
/opt/chefdk/embedded/lib/ruby/gems/2.3.0/gems/chef-12.19.36/lib/chef/client.rb:665:in `converge'
/opt/chefdk/embedded/lib/ruby/gems/2.3.0/gems/chef-12.19.36/lib/chef/client.rb:704:in `converge_and_save'
/opt/chefdk/embedded/lib/ruby/gems/2.3.0/gems/chef-12.19.36/lib/chef/client.rb:284:in `run'
/opt/chefdk/embedded/lib/ruby/gems/2.3.0/gems/chef-12.19.36/lib/chef/application.rb:295:in `block in fork_chef_client'
/opt/chefdk/embedded/lib/ruby/gems/2.3.0/gems/chef-12.19.36/lib/chef/application.rb:283:in `fork'
/opt/chefdk/embedded/lib/ruby/gems/2.3.0/gems/chef-12.19.36/lib/chef/application.rb:283:in `fork_chef_client'
/opt/chefdk/embedded/lib/ruby/gems/2.3.0/gems/chef-12.19.36/lib/chef/application.rb:248:in `block in run_chef_client'
/opt/chefdk/embedded/lib/ruby/gems/2.3.0/gems/chef-12.19.36/lib/chef/local_mode.rb:44:in `with_server_connectivity'
/opt/chefdk/embedded/lib/ruby/gems/2.3.0/gems/chef-12.19.36/lib/chef/application.rb:236:in `run_chef_client'
/opt/chefdk/embedded/lib/ruby/gems/2.3.0/gems/chef-12.19.36/lib/chef/application/client.rb:464:in `sleep_then_run_chef_client'
/opt/chefdk/embedded/lib/ruby/gems/2.3.0/gems/chef-12.19.36/lib/chef/application/client.rb:451:in `block in interval_run_chef_client'
/opt/chefdk/embedded/lib/ruby/gems/2.3.0/gems/chef-12.19.36/lib/chef/application/client.rb:450:in `loop'
/opt/chefdk/embedded/lib/ruby/gems/2.3.0/gems/chef-12.19.36/lib/chef/application/client.rb:450:in `interval_run_chef_client'
/opt/chefdk/embedded/lib/ruby/gems/2.3.0/gems/chef-12.19.36/lib/chef/application/client.rb:434:in `run_application'
/opt/chefdk/embedded/lib/ruby/gems/2.3.0/gems/chef-12.19.36/lib/chef/application.rb:59:in `run'
/opt/chefdk/embedded/lib/ruby/gems/2.3.0/gems/chef-12.19.36/bin/chef-client:26:in `<top (required)>'
/usr/local/bin/chef-client:57:in `load'
/usr/local/bin/chef-client:57:in `<main>'

>>>> Caused by Errno::EACCES: Permission denied @ rb_file_s_rename - (/var/folders/28/_kfhvl1j4cvflk0nhxysyl000000gn/T/.chef-file120170531-21897-p9y213.txt, /file1.txt)
/opt/chefdk/embedded/lib/ruby/2.3.0/fileutils.rb:528:in `rename'
/opt/chefdk/embedded/lib/ruby/2.3.0/fileutils.rb:528:in `block in mv'
/opt/chefdk/embedded/lib/ruby/2.3.0/fileutils.rb:1571:in `block in fu_each_src_dest'
/opt/chefdk/embedded/lib/ruby/2.3.0/fileutils.rb:1587:in `fu_each_src_dest0'
/opt/chefdk/embedded/lib/ruby/2.3.0/fileutils.rb:1569:in `fu_each_src_dest'
/opt/chefdk/embedded/lib/ruby/2.3.0/fileutils.rb:517:in `mv'
/opt/chefdk/embedded/lib/ruby/gems/2.3.0/gems/chef-12.19.36/lib/chef/file_content_management/deploy/mv_unix.rb:71:in `deploy'
/opt/chefdk/embedded/lib/ruby/gems/2.3.0/gems/chef-12.19.36/lib/chef/provider/file.rb:389:in `update_file_contents'
/opt/chefdk/embedded/lib/ruby/gems/2.3.0/gems/chef-12.19.36/lib/chef/provider/file.rb:421:in `block in do_contents_changes'
/opt/chefdk/embedded/lib/ruby/gems/2.3.0/gems/chef-12.19.36/lib/chef/mixin/why_run.rb:52:in `add_action'
/opt/chefdk/embedded/lib/ruby/gems/2.3.0/gems/chef-12.19.36/lib/chef/provider.rb:176:in `converge_by'
/opt/chefdk/embedded/lib/ruby/gems/2.3.0/gems/chef-12.19.36/lib/chef/provider/file.rb:420:in `do_contents_changes'
/opt/chefdk/embedded/lib/ruby/gems/2.3.0/gems/chef-12.19.36/lib/chef/provider/file.rb:154:in `action_create'
/opt/chefdk/embedded/lib/ruby/gems/2.3.0/gems/chef-12.19.36/lib/chef/provider.rb:145:in `run_action'
/opt/chefdk/embedded/lib/ruby/gems/2.3.0/gems/chef-12.19.36/lib/chef/resource.rb:622:in `run_action'
/opt/chefdk/embedded/lib/ruby/gems/2.3.0/gems/chef-12.19.36/lib/chef/runner.rb:69:in `run_action'
/opt/chefdk/embedded/lib/ruby/gems/2.3.0/gems/chef-12.19.36/lib/chef/runner.rb:97:in `block (2 levels) in converge'
/opt/chefdk/embedded/lib/ruby/gems/2.3.0/gems/chef-12.19.36/lib/chef/runner.rb:97:in `each'
/opt/chefdk/embedded/lib/ruby/gems/2.3.0/gems/chef-12.19.36/lib/chef/runner.rb:97:in `block in converge'
/opt/chefdk/embedded/lib/ruby/gems/2.3.0/gems/chef-12.19.36/lib/chef/resource_collection/resource_list.rb:94:in `block in execute_each_resource'
/opt/chefdk/embedded/lib/ruby/gems/2.3.0/gems/chef-12.19.36/lib/chef/resource_collection/stepable_iterator.rb:114:in `call_iterator_block'
/opt/chefdk/embedded/lib/ruby/gems/2.3.0/gems/chef-12.19.36/lib/chef/resource_collection/stepable_iterator.rb:85:in `step'
/opt/chefdk/embedded/lib/ruby/gems/2.3.0/gems/chef-12.19.36/lib/chef/resource_collection/stepable_iterator.rb:103:in `iterate'
/opt/chefdk/embedded/lib/ruby/gems/2.3.0/gems/chef-12.19.36/lib/chef/resource_collection/stepable_iterator.rb:55:in `each_with_index'
/opt/chefdk/embedded/lib/ruby/gems/2.3.0/gems/chef-12.19.36/lib/chef/resource_collection/resource_list.rb:92:in `execute_each_resource'
/opt/chefdk/embedded/lib/ruby/gems/2.3.0/gems/chef-12.19.36/lib/chef/runner.rb:96:in `converge'
/opt/chefdk/embedded/lib/ruby/gems/2.3.0/gems/chef-12.19.36/lib/chef/client.rb:670:in `block in converge'
/opt/chefdk/embedded/lib/ruby/gems/2.3.0/gems/chef-12.19.36/lib/chef/client.rb:665:in `catch'
/opt/chefdk/embedded/lib/ruby/gems/2.3.0/gems/chef-12.19.36/lib/chef/client.rb:665:in `converge'
/opt/chefdk/embedded/lib/ruby/gems/2.3.0/gems/chef-12.19.36/lib/chef/client.rb:704:in `converge_and_save'
/opt/chefdk/embedded/lib/ruby/gems/2.3.0/gems/chef-12.19.36/lib/chef/client.rb:284:in `run'
/opt/chefdk/embedded/lib/ruby/gems/2.3.0/gems/chef-12.19.36/lib/chef/application.rb:295:in `block in fork_chef_client'
/opt/chefdk/embedded/lib/ruby/gems/2.3.0/gems/chef-12.19.36/lib/chef/application.rb:283:in `fork'
/opt/chefdk/embedded/lib/ruby/gems/2.3.0/gems/chef-12.19.36/lib/chef/application.rb:283:in `fork_chef_client'
/opt/chefdk/embedded/lib/ruby/gems/2.3.0/gems/chef-12.19.36/lib/chef/application.rb:248:in `block in run_chef_client'
/opt/chefdk/embedded/lib/ruby/gems/2.3.0/gems/chef-12.19.36/lib/chef/local_mode.rb:44:in `with_server_connectivity'
/opt/chefdk/embedded/lib/ruby/gems/2.3.0/gems/chef-12.19.36/lib/chef/application.rb:236:in `run_chef_client'
/opt/chefdk/embedded/lib/ruby/gems/2.3.0/gems/chef-12.19.36/lib/chef/application/client.rb:464:in `sleep_then_run_chef_client'
/opt/chefdk/embedded/lib/ruby/gems/2.3.0/gems/chef-12.19.36/lib/chef/application/client.rb:451:in `block in interval_run_chef_client'
/opt/chefdk/embedded/lib/ruby/gems/2.3.0/gems/chef-12.19.36/lib/chef/application/client.rb:450:in `loop'
/opt/chefdk/embedded/lib/ruby/gems/2.3.0/gems/chef-12.19.36/lib/chef/application/client.rb:450:in `interval_run_chef_client'
/opt/chefdk/embedded/lib/ruby/gems/2.3.0/gems/chef-12.19.36/lib/chef/application/client.rb:434:in `run_application'
/opt/chefdk/embedded/lib/ruby/gems/2.3.0/gems/chef-12.19.36/lib/chef/application.rb:59:in `run'
/opt/chefdk/embedded/lib/ruby/gems/2.3.0/gems/chef-12.19.36/bin/chef-client:26:in `<top (required)>'
/usr/local/bin/chef-client:57:in `load'
/usr/local/bin/chef-client:57:in `<main>'