[2018-04-03 12:13:40.452] [sharedprocess] [info] main {"machineId":"d76add9d545d154d67333b18bdcd072779b3ca6bf61e5f3cd65e9127ec7222dc"}
[2018-04-03 12:13:40.610] [sharedprocess] [info] Scanned user extensions: 0
[2018-04-03 12:13:41.929] [sharedprocess] [info] Scanned system extensions: 65
[2018-04-03 12:13:43.287] [sharedprocess] [info] Scanned user extensions: 0
[2018-04-03 12:13:43.291] [sharedprocess] [info] Scanned user extensions: 0
[2018-04-03 12:13:43.291] [sharedprocess] [info] Scanned user extensions: 0
[2018-04-03 12:13:43.648] [sharedprocess] [info] Scanned system extensions: 65
[2018-04-03 12:13:43.649] [sharedprocess] [info] Scanned system extensions: 65
[2018-04-03 12:13:47.780] [sharedprocess] [info] Scanned user extensions: 0
[2018-04-03 12:13:57.702] [sharedprocess] [info] Scanned user extensions: 0
[2018-04-03 12:13:57.705] [sharedprocess] [info] Scanned user extensions: 0
[2018-04-03 12:13:57.708] [sharedprocess] [info] Scanned user extensions: 0
[2018-04-03 12:13:57.747] [sharedprocess] [info] Scanned system extensions: 65
[2018-04-03 12:13:57.750] [sharedprocess] [info] Scanned system extensions: 65
[2018-04-03 12:14:01.396] [sharedprocess] [info] Scanned user extensions: 0
[2018-04-03 12:14:01.397] [sharedprocess] [info] Scanned user extensions: 0
[2018-04-03 12:14:09.428] [sharedprocess] [info] Scanned user extensions: 0
[2018-04-03 12:14:09.432] [sharedprocess] [info] Scanned user extensions: 0
[2018-04-03 12:14:09.433] [sharedprocess] [info] Scanned user extensions: 0
[2018-04-03 12:14:09.468] [sharedprocess] [info] Scanned system extensions: 65
[2018-04-03 12:14:09.471] [sharedprocess] [info] Scanned system extensions: 65
[2018-04-03 12:14:09.508] [sharedprocess] [info] Scanned user extensions: 0
[2018-04-03 12:14:09.525] [sharedprocess] [info] Scanned system extensions: 65
[2018-04-03 12:14:09.736] [sharedprocess] [info] Installing extension: python
[2018-04-03 12:14:16.365] [sharedprocess] [info] Downloaded extension: python
[2018-04-03 12:14:20.306] [sharedprocess] [info] Extracted extension to /root/.vscode/extensions/ms-python.python-2018.3.1: ms-python.python-2018.3.1
[2018-04-03 12:14:22.056] [sharedprocess] [info] Updated metadata of the extension: ms-python.python-2018.3.1
[2018-04-03 12:14:22.056] [sharedprocess] [info] Extensions installed successfully: ms-python.python
[2018-04-03 12:14:22.173] [sharedprocess] [info] Scanned user extensions: 1
[2018-04-03 12:14:22.174] [sharedprocess] [info] Scanned user extensions: 1
[2018-04-03 12:14:22.195] [sharedprocess] [info] Scanned system extensions: 65
[2018-04-03 12:14:22.199] [sharedprocess] [info] Scanned system extensions: 65
[2018-04-03 12:14:31.873] [sharedprocess] [info] Scanned user extensions: 1
[2018-04-03 12:14:31.875] [sharedprocess] [info] Scanned user extensions: 1
[2018-04-03 12:14:31.878] [sharedprocess] [info] Scanned user extensions: 1
[2018-04-03 12:14:31.881] [sharedprocess] [info] Scanned user extensions: 1
[2018-04-03 12:14:31.883] [sharedprocess] [info] Scanned user extensions: 1
[2018-04-03 12:14:31.906] [sharedprocess] [info] Scanned system extensions: 65
[2018-04-03 12:14:31.908] [sharedprocess] [info] Scanned system extensions: 65
[2018-04-03 12:14:31.909] [sharedprocess] [info] Scanned system extensions: 65
[2018-04-03 12:14:35.005] [sharedprocess] [info] Scanned user extensions: 1
[2018-04-03 12:14:38.166] [sharedprocess] [info] Scanned user extensions: 1
[2018-04-03 12:19:35.041] [sharedprocess] [info] Scanned user extensions: 1
[2018-04-03 12:24:35.047] [sharedprocess] [info] Scanned user extensions: 1
[2018-04-03 12:26:30.660] [sharedprocess] [info] Scanned user extensions: 1
[2018-04-03 12:29:35.054] [sharedprocess] [info] Scanned user extensions: 1
[2018-04-03 12:34:35.061] [sharedprocess] [info] Scanned user extensions: 1
[2018-04-03 12:39:35.100] [sharedprocess] [info] Scanned user extensions: 1
[2018-04-03 12:44:35.105] [sharedprocess] [info] Scanned user extensions: 1
[2018-04-03 12:49:35.131] [sharedprocess] [info] Scanned user extensions: 1
[2018-04-03 12:54:36.558] [sharedprocess] [info] Scanned user extensions: 1
[2018-04-03 12:58:40.016] [sharedprocess] [info] Scanned user extensions: 1
[2018-04-03 12:59:36.566] [sharedprocess] [info] Scanned user extensions: 1
[2018-04-03 13:04:36.592] [sharedprocess] [info] Scanned user extensions: 1
[2018-04-03 13:09:36.597] [sharedprocess] [info] Scanned user extensions: 1
[2018-04-03 13:14:38.157] [sharedprocess] [info] Scanned user extensions: 1
[2018-04-03 13:15:27.599] [sharedprocess] [info] Scanned user extensions: 1
[2018-04-03 13:19:38.165] [sharedprocess] [info] Scanned user extensions: 1
[2018-04-03 13:24:38.188] [sharedprocess] [info] Scanned user extensions: 1
[2018-04-03 13:26:14.264] [sharedprocess] [info] Scanned user extensions: 1
[2018-04-03 13:29:38.194] [sharedprocess] [info] Scanned user extensions: 1
[2018-04-03 13:34:40.251] [sharedprocess] [info] Scanned user extensions: 1
[2018-04-03 13:39:40.259] [sharedprocess] [info] Scanned user extensions: 1
[2018-04-03 13:44:40.267] [sharedprocess] [info] Scanned user extensions: 1
[2018-04-03 13:49:40.274] [sharedprocess] [info] Scanned user extensions: 1
[2018-04-03 13:54:40.283] [sharedprocess] [info] Scanned user extensions: 1
[2018-04-03 13:59:40.288] [sharedprocess] [info] Scanned user extensions: 1
[2018-04-03 14:04:40.294] [sharedprocess] [info] Scanned user extensions: 1
[2018-04-03 14:09:40.299] [sharedprocess] [info] Scanned user extensions: 1
[2018-04-03 14:14:42.105] [sharedprocess] [info] Scanned user extensions: 1
[2018-04-03 14:19:42.110] [sharedprocess] [info] Scanned user extensions: 1
[2018-04-03 14:24:42.115] [sharedprocess] [info] Scanned user extensions: 1
[2018-04-03 14:29:42.122] [sharedprocess] [info] Scanned user extensions: 1
[2018-04-03 14:34:42.130] [sharedprocess] [info] Scanned user extensions: 1
[2018-04-03 14:39:42.151] [sharedprocess] [info] Scanned user extensions: 1
[2018-04-03 14:44:42.157] [sharedprocess] [info] Scanned user extensions: 1
[2018-04-03 14:49:42.165] [sharedprocess] [info] Scanned user extensions: 1
[2018-04-03 14:52:49.290] [sharedprocess] [info] Scanned user extensions: 1
[2018-04-03 14:54:42.170] [sharedprocess] [info] Scanned user extensions: 1
